[2025-04-21 01:36:05] [INFO ] ru.nsu.calculator.Main - Program started
[2025-04-21 01:36:05] [ERROR] ru.nsu.calculator.CalculatorEngine.CalculatorEngine - Error while opening the file. Terminal mode will be started.
[2025-04-21 01:36:29] [ERROR] ru.nsu.calculator.CalculatorEngine.CalculatorEngine - Error while creating an operator. Cause: Operator name not found: DEFINN
[2025-04-21 01:36:52] [ERROR] ru.nsu.calculator.CalculatorEngine.CalculatorEngine - Error while creating an operator. Cause: Operator name not found: EXF
[2025-04-21 01:39:05] [ERROR] ru.nsu.calculator.CalculatorEngine.CalculatorEngine - Error while opening the file. Terminal mode will be started.
[2025-04-21 01:39:13] [ERROR] ru.nsu.calculator.CalculatorEngine.CalculatorEngine - Error while creating an operator. Cause: Operator name not found: DEFIFN
[2025-04-21 01:39:17] [ERROR] ru.nsu.calculator.CalculatorEngine.CalculatorEngine - Error while executing an operator: "DEFINE "
[2025-04-21 01:39:17] [ERROR] ru.nsu.calculator.CalculatorEngine.CalculatorEngine - Cause: DEFINE expects 2 arguments: name and value.
[2025-04-21 01:39:23] [ERROR] ru.nsu.calculator.CalculatorEngine.CalculatorEngine - Error while creating an operator. Cause: Operator name not found: GOOD
[2025-04-21 01:39:28] [ERROR] ru.nsu.calculator.CalculatorEngine.CalculatorEngine - Error while executing an operator: "DEFINE 4 A"
[2025-04-21 01:39:28] [ERROR] ru.nsu.calculator.CalculatorEngine.CalculatorEngine - Cause: First argument cannot be a float number.
[2025-04-21 01:39:31] [ERROR] ru.nsu.calculator.CalculatorEngine.CalculatorEngine - Error while executing an operator: "DEFINE A A"
[2025-04-21 01:39:31] [ERROR] ru.nsu.calculator.CalculatorEngine.CalculatorEngine - Cause: Second argument must be a float number
[2025-04-21 01:40:04] [ERROR] ru.nsu.calculator.CalculatorEngine.CalculatorEngine - Error while opening the file. Terminal mode will be started.
[2025-04-21 01:40:57] [ERROR] ru.nsu.calculator.CalculatorEngine.CalculatorEngine - Error while opening the file. 
Terminal mode will be started.

[2025-04-21 01:41:03] [ERROR] ru.nsu.calculator.CalculatorEngine.CalculatorEngine - Error while executing an operator: "DEFINE A"
[2025-04-21 01:41:03] [ERROR] ru.nsu.calculator.CalculatorEngine.CalculatorEngine - Cause: DEFINE expects 2 arguments: name and value.
[2025-04-21 01:42:12] [ERROR] ru.nsu.calculator.CalculatorEngine.CalculatorEngine - Error while opening the file. 
Terminal mode will be started.

[2025-04-21 13:28:26] [ERROR] ru.nsu.calculator.CalculatorEngine.CalculatorEngine - Error while opening the file. 
Terminal mode will be started.

[2025-04-21 14:02:27] [INFO ] org.testng.internal.Utils - [TestNG] Running:
  C:\Users\Сергей Юсько\AppData\Local\JetBrains\IntelliJIdea2024.3\temp-testng-customsuite.xml

[2025-04-21 14:02:27] [INFO ] ru.nsu.calculator.operators.AdditionOperatorTest - Calculate value passed!
[2025-04-21 14:05:07] [INFO ] org.testng.internal.Utils - [TestNG] Running:
  C:\Users\Сергей Юсько\AppData\Local\JetBrains\IntelliJIdea2024.3\temp-testng-customsuite.xml

[2025-04-21 14:05:18] [INFO ] org.testng.internal.Utils - [TestNG] Running:
  C:\Users\Сергей Юсько\AppData\Local\JetBrains\IntelliJIdea2024.3\temp-testng-customsuite.xml

[2025-04-21 14:05:27] [INFO ] org.testng.internal.Utils - [TestNG] Running:
  C:\Users\Сергей Юсько\AppData\Local\JetBrains\IntelliJIdea2024.3\temp-testng-customsuite.xml

[2025-04-21 14:05:27] [INFO ] ru.nsu.calculator.operators.SubtractionOperatorTest - Subtraction test passed!
[2025-04-21 14:16:09] [ERROR] ru.nsu.calculator.CalculatorEngine.CalculatorEngine - Error while creating an operator. Cause: Operator name not found: DEFIFN
[2025-04-21 14:16:18] [ERROR] ru.nsu.calculator.CalculatorEngine.CalculatorEngine - Error while executing an operator: "DEFINE A A A"
[2025-04-21 14:16:18] [ERROR] ru.nsu.calculator.CalculatorEngine.CalculatorEngine - Cause: DEFINE expects 2 arguments: name and value.
[2025-04-21 14:16:32] [ERROR] ru.nsu.calculator.CalculatorEngine.CalculatorEngine - Error while executing an operator: "DEFINE 2 A"
[2025-04-21 14:16:32] [ERROR] ru.nsu.calculator.CalculatorEngine.CalculatorEngine - Cause: First argument cannot be a float number.
[2025-04-21 14:16:58] [ERROR] ru.nsu.calculator.CalculatorEngine.CalculatorEngine - Error while executing an operator: "DEFINE A A"
[2025-04-21 14:16:58] [ERROR] ru.nsu.calculator.CalculatorEngine.CalculatorEngine - Cause: Second argument must be a float number
